<?xml version="1.0" encoding="UTF-8"?>
<!-- Generated by org.testng.reporters.JUnitReportReporter -->
<testsuite hostname="LTIN237839" name="E2EProject.TestingFramework.AsssertValidation2" tests="1" failures="0" timestamp="29 Sep 2020 06:09:27 GMT" time="0.123" errors="0">
  <testcase name="basepageNavigation" time="0.123" classname="E2EProject.TestingFramework.AsssertValidation2"/>
</testsuite> <!-- E2EProject.TestingFramework.AsssertValidation2 -->
