<?xml version="1.0" encoding="UTF-8"?>
<!-- Generated by org.testng.reporters.JUnitReportReporter -->
<testsuite skipped="0" hostname="LTIN237839" name="E2EProject.TestingFramework.AsssertValidation2" tests="1" failures="0" timestamp="2020-09-29T12:38:22 IST" time="0.120" errors="0">
  <testcase name="basepageNavigation" time="0.120" classname="E2EProject.TestingFramework.AsssertValidation2"/>
  <system-out/>
</testsuite> <!-- E2EProject.TestingFramework.AsssertValidation2 -->
